<?xml version="1.0" encoding="UTF-8"?>
<!-- Generated by org.testng.reporters.JUnitReportReporter -->
<testsuite hostname="MSI" failures="0" tests="1" name="seleniumProject.CucumberTestRunner" time="20.756" errors="0" timestamp="2024-02-25T23:44:35 IST" skipped="0">
  <testcase classname="seleniumProject.CucumberTestRunner" name="runScenario" time="20.756"/>
  <system-out/>
</testsuite> <!-- seleniumProject.CucumberTestRunner -->
