<?xml version="1.0" encoding="UTF-8"?>
<!-- Generated by org.testng.reporters.JUnitReportReporter -->
<testsuite hostname="MSI" failures="0" tests="1" name="com.restassured.CountryTranslationTest" time="0.000" errors="0" timestamp="2024-02-26T20:16:35 IST" skipped="1">
  <testcase classname="com.restassured.CountryTranslationTest" name="testCountryTranslation" time="0.000">
    <skipped/>
  </testcase> <!-- testCountryTranslation -->
  <system-out/>
</testsuite> <!-- com.restassured.CountryTranslationTest -->
